[1026/171543.994:ERROR:process_memory_win.cc(73)] ReadMemory at 0x7ff785870000 of 64 bytes failed: Only part of a ReadProcessMemory or WriteProcessMemory request was completed. (0x12B)
[1026/171543.994:WARNING:pe_image_reader.cc(340)] could not read dos header from C:\Program Files (x86)\Google\Chrome\Application\chrome.exe
[1026/171543.994:ERROR:process_memory_win.cc(73)] ReadMemory at 0x7ffb68810000 of 64 bytes failed: Only part of a ReadProcessMemory or WriteProcessMemory request was completed. (0x12B)
[1026/171543.994:WARNING:pe_image_reader.cc(340)] could not read dos header from C:\WINDOWS\SYSTEM32\ntdll.dll
[1026/171543.994:ERROR:process_memory_win.cc(73)] ReadMemory at 0x7ffb68260000 of 64 bytes failed: Only part of a ReadProcessMemory or WriteProcessMemory request was completed. (0x12B)
[1026/171543.995:WARNING:pe_image_reader.cc(340)] could not read dos header from C:\WINDOWS\System32\KERNEL32.DLL
[1026/171543.995:ERROR:process_memory_win.cc(73)] ReadMemory at 0x7ffb64b80000 of 64 bytes failed: Only part of a ReadProcessMemory or WriteProcessMemory request was completed. (0x12B)
[1026/171543.995:WARNING:pe_image_reader.cc(340)] could not read dos header from C:\WINDOWS\System32\KERNELBASE.dll
[1026/171543.995:ERROR:process_memory_win.cc(73)] ReadMemory at 0x7ffb18200000 of 64 bytes failed: Only part of a ReadProcessMemory or WriteProcessMemory request was completed. (0x12B)
[1026/171543.995:WARNING:pe_image_reader.cc(340)] could not read dos header from C:\Program Files (x86)\Google\Chrome\Application\78.0.3904.70\chrome_elf.dll
[1026/171543.995:ERROR:process_memory_win.cc(73)] ReadMemory at 0x7ffb5e400000 of 64 bytes failed: Only part of a ReadProcessMemory or WriteProcessMemory request was completed. (0x12B)
[1026/171543.995:WARNING:pe_image_reader.cc(340)] could not read dos header from C:\WINDOWS\SYSTEM32\VERSION.dll
[1026/171543.995:ERROR:process_memory_win.cc(73)] ReadMemory at 0x7ffb681c0000 of 64 bytes failed: Only part of a ReadProcessMemory or WriteProcessMemory request was completed. (0x12B)
[1026/171543.995:WARNING:pe_image_reader.cc(340)] could not read dos header from C:\WINDOWS\System32\msvcrt.dll
[1026/171543.995:ERROR:process_memory_win.cc(73)] ReadMemory at 0x7ffb64ae0000 of 64 bytes failed: Only part of a ReadProcessMemory or WriteProcessMemory request was completed. (0x12B)
[1026/171543.995:WARNING:pe_image_reader.cc(340)] could not read dos header from C:\WINDOWS\System32\bcryptPrimitives.dll
[1026/171543.995:ERROR:process_memory_win.cc(73)] ReadMemory at 0x7ffb67f60000 of 64 bytes failed: Only part of a ReadProcessMemory or WriteProcessMemory request was completed. (0x12B)
[1026/171543.995:WARNING:pe_image_reader.cc(340)] could not read dos header from C:\WINDOWS\System32\ADVAPI32.dll
[1026/171543.995:ERROR:process_memory_win.cc(73)] ReadMemory at 0x7ffb67830000 of 64 bytes failed: Only part of a ReadProcessMemory or WriteProcessMemory request was completed. (0x12B)
[1026/171543.995:WARNING:pe_image_reader.cc(340)] could not read dos header from C:\WINDOWS\System32\sechost.dll
[1026/171543.995:ERROR:process_memory_win.cc(73)] ReadMemory at 0x7ffb678d0000 of 64 bytes failed: Only part of a ReadProcessMemory or WriteProcessMemory request was completed. (0x12B)
[1026/171543.995:WARNING:pe_image_reader.cc(340)] could not read dos header from C:\WINDOWS\System32\RPCRT4.dll
[1026/171543.995:ERROR:process_memory_win.cc(73)] ReadMemory at 0x7ffaece40000 of 64 bytes failed: Only part of a ReadProcessMemory or WriteProcessMemory request was completed. (0x12B)
[1026/171543.995:WARNING:pe_image_reader.cc(340)] could not read dos header from C:\Program Files (x86)\Google\Chrome\Application\78.0.3904.70\chrome_child.dll
[1026/171543.995:ERROR:process_memory_win.cc(73)] ReadMemory at 0x7ffb67650000 of 64 bytes failed: Only part of a ReadProcessMemory or WriteProcessMemory request was completed. (0x12B)
[1026/171543.995:WARNING:pe_image_reader.cc(340)] could not read dos header from C:\WINDOWS\System32\OLEAUT32.dll
[1026/171543.995:ERROR:process_memory_win.cc(73)] ReadMemory at 0x7ffb65570000 of 64 bytes failed: Only part of a ReadProcessMemory or WriteProcessMemory request was completed. (0x12B)
[1026/171543.995:WARNING:pe_image_reader.cc(340)] could not read dos header from C:\WINDOWS\System32\msvcp_win.dll
[1026/171543.995:ERROR:process_memory_win.cc(73)] ReadMemory at 0x7ffb657b0000 of 64 bytes failed: Only part of a ReadProcessMemory or WriteProcessMemory request was completed. (0x12B)
[1026/171543.995:WARNING:pe_image_reader.cc(340)] could not read dos header from C:\WINDOWS\System32\ucrtbase.dll
[1026/171543.995:ERROR:process_memory_win.cc(73)] ReadMemory at 0x7ffb670c0000 of 64 bytes failed: Only part of a ReadProcessMemory or WriteProcessMemory request was completed. (0x12B)
[1026/171543.995:WARNING:pe_image_reader.cc(340)] could not read dos header from C:\WINDOWS\System32\combase.dll
[1026/171543.995:ERROR:process_memory_win.cc(73)] ReadMemory at 0x7ffb67dc0000 of 64 bytes failed: Only part of a ReadProcessMemory or WriteProcessMemory request was completed. (0x12B)
[1026/171543.995:WARNING:pe_image_reader.cc(340)] could not read dos header from C:\WINDOWS\System32\WS2_32.dll
[1026/171543.995:ERROR:process_memory_win.cc(73)] ReadMemory at 0x7ffb64a80000 of 64 bytes failed: Only part of a ReadProcessMemory or WriteProcessMemory request was completed. (0x12B)
[1026/171543.995:WARNING:pe_image_reader.cc(340)] could not read dos header from C:\WINDOWS\System32\WINTRUST.dll
[1026/171543.995:ERROR:process_memory_win.cc(73)] ReadMemory at 0x7ffb647d0000 of 64 bytes failed: Only part of a ReadProcessMemory or WriteProcessMemory request was completed. (0x12B)
[1026/171543.995:WARNING:pe_image_reader.cc(340)] could not read dos header from C:\WINDOWS\System32\MSASN1.dll
[1026/171543.995:ERROR:process_memory_win.cc(73)] ReadMemory at 0x7ffb648a0000 of 64 bytes failed: Only part of a ReadProcessMemory or WriteProcessMemory request was completed. (0x12B)
[1026/171543.995:WARNING:pe_image_reader.cc(340)] could not read dos header from C:\WINDOWS\System32\CRYPT32.dll
[1026/171543.995:ERROR:process_memory_win.cc(73)] ReadMemory at 0x7ffb63d60000 of 64 bytes failed: Only part of a ReadProcessMemory or WriteProcessMemory request was completed. (0x12B)
[1026/171543.995:WARNING:pe_image_reader.cc(340)] could not read dos header from C:\WINDOWS\SYSTEM32\IPHLPAPI.DLL
[1026/171543.995:ERROR:process_memory_win.cc(73)] ReadMemory at 0x7ffb629a0000 of 64 bytes failed: Only part of a ReadProcessMemory or WriteProcessMemory request was completed. (0x12B)
[1026/171543.995:WARNING:pe_image_reader.cc(340)] could not read dos header from C:\WINDOWS\SYSTEM32\WINMM.dll
[1026/171543.995:ERROR:process_memory_win.cc(73)] ReadMemory at 0x7ffb646d0000 of 64 bytes failed: Only part of a ReadProcessMemory or WriteProcessMemory request was completed. (0x12B)
[1026/171543.995:WARNING:pe_image_reader.cc(340)] could not read dos header from C:\WINDOWS\SYSTEM32\USERENV.dll
[1026/171543.995:ERROR:process_memory_win.cc(73)] ReadMemory at 0x7ffb647f0000 of 64 bytes failed: Only part of a ReadProcessMemory or WriteProcessMemory request was completed. (0x12B)
[1026/171543.995:WARNING:pe_image_reader.cc(340)] could not read dos header from C:\WINDOWS\System32\profapi.dll
[1026/171543.996:ERROR:process_memory_win.cc(73)] ReadMemory at 0x7ffb50200000 of 64 bytes failed: Only part of a ReadProcessMemory or WriteProcessMemory request was completed. (0x12B)
[1026/171543.996:WARNING:pe_image_reader.cc(340)] could not read dos header from C:\WINDOWS\SYSTEM32\DWrite.dll
[1026/171543.996:ERROR:process_memory_win.cc(73)] ReadMemory at 0x7ffb39b30000 of 64 bytes failed: Only part of a ReadProcessMemory or WriteProcessMemory request was completed. (0x12B)
[1026/171543.996:WARNING:pe_image_reader.cc(340)] could not read dos header from C:\WINDOWS\SYSTEM32\WINSPOOL.DRV
[1026/171543.996:ERROR:process_memory_win.cc(73)] ReadMemory at 0x7ffb64880000 of 64 bytes failed: Only part of a ReadProcessMemory or WriteProcessMemory request was completed. (0x12B)
[1026/171543.996:WARNING:pe_image_reader.cc(340)] could not read dos header from C:\WINDOWS\System32\kernel.appcore.dll
[1026/171543.996:ERROR:process_memory_win.cc(73)] ReadMemory at 0x7ffb65920000 of 64 bytes failed: Only part of a ReadProcessMemory or WriteProcessMemory request was completed. (0x12B)
[1026/171543.996:WARNING:pe_image_reader.cc(340)] could not read dos header from C:\WINDOWS\System32\bcrypt.dll
[1026/171543.996:ERROR:process_memory_win.cc(73)] ReadMemory at 0x7ffb4f7d0000 of 64 bytes failed: Only part of a ReadProcessMemory or WriteProcessMemory request was completed. (0x12B)
[1026/171543.996:WARNING:pe_image_reader.cc(340)] could not read dos header from C:\WINDOWS\SYSTEM32\dbghelp.dll
[1026/171543.996:ERROR:process_memory_win.cc(73)] ReadMemory at 0x7ffb4fc50000 of 64 bytes failed: Only part of a ReadProcessMemory or WriteProcessMemory request was completed. (0x12B)
[1026/171543.996:WARNING:pe_image_reader.cc(340)] could not read dos header from C:\WINDOWS\SYSTEM32\Secur32.dll
[1026/171543.996:ERROR:process_memory_win.cc(73)] ReadMemory at 0x7ffb5ffc0000 of 64 bytes failed: Only part of a ReadProcessMemory or WriteProcessMemory request was completed. (0x12B)
[1026/171543.996:WARNING:pe_image_reader.cc(340)] could not read dos header from C:\WINDOWS\SYSTEM32\WINHTTP.dll
[1026/171543.996:ERROR:process_memory_win.cc(73)] ReadMemory at 0x7ffb5ec50000 of 64 bytes failed: Only part of a ReadProcessMemory or WriteProcessMemory request was completed. (0x12B)
[1026/171543.996:WARNING:pe_image_reader.cc(340)] could not read dos header from C:\WINDOWS\SYSTEM32\dhcpcsvc.DLL
[1026/171543.996:ERROR:process_memory_win.cc(73)] ReadMemory at 0x7ffb687a0000 of 64 bytes failed: Only part of a ReadProcessMemory or WriteProcessMemory request was completed. (0x12B)
[1026/171543.996:WARNING:pe_image_reader.cc(340)] could not read dos header from C:\WINDOWS\System32\NSI.dll
[1026/171543.996:ERROR:process_memory_win.cc(73)] ReadMemory at 0x7ffb62940000 of 64 bytes failed: Only part of a ReadProcessMemory or WriteProcessMemory request was completed. (0x12B)
[1026/171543.996:WARNING:pe_image_reader.cc(340)] could not read dos header from C:\WINDOWS\SYSTEM32\WINMMBASE.dll
[1026/171543.996:ERROR:process_memory_win.cc(73)] ReadMemory at 0x7ffb658d0000 of 64 bytes failed: Only part of a ReadProcessMemory or WriteProcessMemory request was completed. (0x12B)
[1026/171543.996:WARNING:pe_image_reader.cc(340)] could not read dos header from C:\WINDOWS\System32\cfgmgr32.dll
[1026/171543.996:ERROR:process_memory_win.cc(73)] ReadMemory at 0x7ffb611d0000 of 64 bytes failed: Only part of a ReadProcessMemory or WriteProcessMemory request was completed. (0x12B)
[1026/171543.996:WARNING:pe_image_reader.cc(340)] could not read dos header from C:\WINDOWS\SYSTEM32\PROPSYS.dll
[1026/171543.996:ERROR:process_memory_win.cc(73)] ReadMemory at 0x7ffb67eb0000 of 64 bytes failed: Only part of a ReadProcessMemory or WriteProcessMemory request was completed. (0x12B)
[1026/171543.996:WARNING:pe_image_reader.cc(340)] could not read dos header from C:\WINDOWS\System32\shcore.dll
[1026/171543.996:ERROR:process_memory_win.cc(73)] ReadMemory at 0x7ffb64700000 of 64 bytes failed: Only part of a ReadProcessMemory or WriteProcessMemory request was completed. (0x12B)
[1026/171543.996:WARNING:pe_image_reader.cc(340)] could not read dos header from C:\WINDOWS\SYSTEM32\SSPICLI.DLL
[1026/171543.996:ERROR:process_memory_win.cc(73)] ReadMemory at 0x7ffb64210000 of 64 bytes failed: Only part of a ReadProcessMemory or WriteProcessMemory request was completed. (0x12B)
[1026/171543.996:WARNING:pe_image_reader.cc(340)] could not read dos header from C:\WINDOWS\SYSTEM32\CRYPTBASE.DLL
[1026/171543.996:ERROR:process_memory_win.cc(73)] ReadMemory at 0x7ff785870000 of 64 bytes failed: Only part of a ReadProcessMemory or WriteProcessMemory request was completed. (0x12B)
[1026/171543.996:WARNING:pe_image_reader.cc(340)] could not read dos header from C:\Program Files (x86)\Google\Chrome\Application\chrome.exe
[1026/171543.996:ERROR:process_memory_win.cc(73)] ReadMemory at 0x7ffb68810000 of 64 bytes failed: Only part of a ReadProcessMemory or WriteProcessMemory request was completed. (0x12B)
[1026/171543.996:WARNING:pe_image_reader.cc(340)] could not read dos header from C:\WINDOWS\SYSTEM32\ntdll.dll
[1026/171543.996:ERROR:process_memory_win.cc(73)] ReadMemory at 0x7ffb68260000 of 64 bytes failed: Only part of a ReadProcessMemory or WriteProcessMemory request was completed. (0x12B)
[1026/171543.996:WARNING:pe_image_reader.cc(340)] could not read dos header from C:\WINDOWS\System32\KERNEL32.DLL
[1026/171543.996:ERROR:process_memory_win.cc(73)] ReadMemory at 0x7ffb64b80000 of 64 bytes failed: Only part of a ReadProcessMemory or WriteProcessMemory request was completed. (0x12B)
[1026/171543.996:WARNING:pe_image_reader.cc(340)] could not read dos header from C:\WINDOWS\System32\KERNELBASE.dll
[1026/171543.996:ERROR:process_memory_win.cc(73)] ReadMemory at 0x7ffb18200000 of 64 bytes failed: Only part of a ReadProcessMemory or WriteProcessMemory request was completed. (0x12B)
[1026/171543.996:WARNING:pe_image_reader.cc(340)] could not read dos header from C:\Program Files (x86)\Google\Chrome\Application\78.0.3904.70\chrome_elf.dll
[1026/171543.996:ERROR:process_memory_win.cc(73)] ReadMemory at 0x7ffb5e400000 of 64 bytes failed: Only part of a ReadProcessMemory or WriteProcessMemory request was completed. (0x12B)
[1026/171543.996:WARNING:pe_image_reader.cc(340)] could not read dos header from C:\WINDOWS\SYSTEM32\VERSION.dll
[1026/171543.996:ERROR:process_memory_win.cc(73)] ReadMemory at 0x7ffb681c0000 of 64 bytes failed: Only part of a ReadProcessMemory or WriteProcessMemory request was completed. (0x12B)
[1026/171543.996:WARNING:pe_image_reader.cc(340)] could not read dos header from C:\WINDOWS\System32\msvcrt.dll
[1026/171543.996:ERROR:process_memory_win.cc(73)] ReadMemory at 0x7ffb64ae0000 of 64 bytes failed: Only part of a ReadProcessMemory or WriteProcessMemory request was completed. (0x12B)
[1026/171543.996:WARNING:pe_image_reader.cc(340)] could not read dos header from C:\WINDOWS\System32\bcryptPrimitives.dll
[1026/171543.997:ERROR:process_memory_win.cc(73)] ReadMemory at 0x7ffb67f60000 of 64 bytes failed: Only part of a ReadProcessMemory or WriteProcessMemory request was completed. (0x12B)
[1026/171543.997:WARNING:pe_image_reader.cc(340)] could not read dos header from C:\WINDOWS\System32\ADVAPI32.dll
[1026/171543.997:ERROR:process_memory_win.cc(73)] ReadMemory at 0x7ffb67830000 of 64 bytes failed: Only part of a ReadProcessMemory or WriteProcessMemory request was completed. (0x12B)
[1026/171543.997:WARNING:pe_image_reader.cc(340)] could not read dos header from C:\WINDOWS\System32\sechost.dll
[1026/171543.997:ERROR:process_memory_win.cc(73)] ReadMemory at 0x7ffb678d0000 of 64 bytes failed: Only part of a ReadProcessMemory or WriteProcessMemory request was completed. (0x12B)
[1026/171543.997:WARNING:pe_image_reader.cc(340)] could not read dos header from C:\WINDOWS\System32\RPCRT4.dll
[1026/171543.997:ERROR:process_memory_win.cc(73)] ReadMemory at 0x7ffaece40000 of 64 bytes failed: Only part of a ReadProcessMemory or WriteProcessMemory request was completed. (0x12B)
[1026/171543.997:WARNING:pe_image_reader.cc(340)] could not read dos header from C:\Program Files (x86)\Google\Chrome\Application\78.0.3904.70\chrome_child.dll
[1026/171543.997:ERROR:process_memory_win.cc(73)] ReadMemory at 0x7ffb67650000 of 64 bytes failed: Only part of a ReadProcessMemory or WriteProcessMemory request was completed. (0x12B)
[1026/171543.997:WARNING:pe_image_reader.cc(340)] could not read dos header from C:\WINDOWS\System32\OLEAUT32.dll
[1026/171543.997:ERROR:process_memory_win.cc(73)] ReadMemory at 0x7ffb65570000 of 64 bytes failed: Only part of a ReadProcessMemory or WriteProcessMemory request was completed. (0x12B)
[1026/171543.997:WARNING:pe_image_reader.cc(340)] could not read dos header from C:\WINDOWS\System32\msvcp_win.dll
[1026/171543.997:ERROR:process_memory_win.cc(73)] ReadMemory at 0x7ffb657b0000 of 64 bytes failed: Only part of a ReadProcessMemory or WriteProcessMemory request was completed. (0x12B)
[1026/171543.997:WARNING:pe_image_reader.cc(340)] could not read dos header from C:\WINDOWS\System32\ucrtbase.dll
[1026/171543.997:ERROR:process_memory_win.cc(73)] ReadMemory at 0x7ffb670c0000 of 64 bytes failed: Only part of a ReadProcessMemory or WriteProcessMemory request was completed. (0x12B)
[1026/171543.997:WARNING:pe_image_reader.cc(340)] could not read dos header from C:\WINDOWS\System32\combase.dll
[1026/171543.997:ERROR:process_memory_win.cc(73)] ReadMemory at 0x7ffb67dc0000 of 64 bytes failed: Only part of a ReadProcessMemory or WriteProcessMemory request was completed. (0x12B)
[1026/171543.997:WARNING:pe_image_reader.cc(340)] could not read dos header from C:\WINDOWS\System32\WS2_32.dll
[1026/171543.997:ERROR:process_memory_win.cc(73)] ReadMemory at 0x7ffb64a80000 of 64 bytes failed: Only part of a ReadProcessMemory or WriteProcessMemory request was completed. (0x12B)
[1026/171543.997:WARNING:pe_image_reader.cc(340)] could not read dos header from C:\WINDOWS\System32\WINTRUST.dll
[1026/171543.997:ERROR:process_memory_win.cc(73)] ReadMemory at 0x7ffb647d0000 of 64 bytes failed: Only part of a ReadProcessMemory or WriteProcessMemory request was completed. (0x12B)
[1026/171543.997:WARNING:pe_image_reader.cc(340)] could not read dos header from C:\WINDOWS\System32\MSASN1.dll
[1026/171543.997:ERROR:process_memory_win.cc(73)] ReadMemory at 0x7ffb648a0000 of 64 bytes failed: Only part of a ReadProcessMemory or WriteProcessMemory request was completed. (0x12B)
[1026/171543.997:WARNING:pe_image_reader.cc(340)] could not read dos header from C:\WINDOWS\System32\CRYPT32.dll
[1026/171543.997:ERROR:process_memory_win.cc(73)] ReadMemory at 0x7ffb63d60000 of 64 bytes failed: Only part of a ReadProcessMemory or WriteProcessMemory request was completed. (0x12B)
[1026/171543.997:WARNING:pe_image_reader.cc(340)] could not read dos header from C:\WINDOWS\SYSTEM32\IPHLPAPI.DLL
[1026/171543.997:ERROR:process_memory_win.cc(73)] ReadMemory at 0x7ffb629a0000 of 64 bytes failed: Only part of a ReadProcessMemory or WriteProcessMemory request was completed. (0x12B)
[1026/171543.997:WARNING:pe_image_reader.cc(340)] could not read dos header from C:\WINDOWS\SYSTEM32\WINMM.dll
[1026/171543.997:ERROR:process_memory_win.cc(73)] ReadMemory at 0x7ffb646d0000 of 64 bytes failed: Only part of a ReadProcessMemory or WriteProcessMemory request was completed. (0x12B)
[1026/171543.997:WARNING:pe_image_reader.cc(340)] could not read dos header from C:\WINDOWS\SYSTEM32\USERENV.dll
[1026/171543.997:ERROR:process_memory_win.cc(73)] ReadMemory at 0x7ffb647f0000 of 64 bytes failed: Only part of a ReadProcessMemory or WriteProcessMemory request was completed. (0x12B)
[1026/171543.997:WARNING:pe_image_reader.cc(340)] could not read dos header from C:\WINDOWS\System32\profapi.dll
[1026/171543.997:ERROR:process_memory_win.cc(73)] ReadMemory at 0x7ffb50200000 of 64 bytes failed: Only part of a ReadProcessMemory or WriteProcessMemory request was completed. (0x12B)
[1026/171543.997:WARNING:pe_image_reader.cc(340)] could not read dos header from C:\WINDOWS\SYSTEM32\DWrite.dll
[1026/171543.997:ERROR:process_memory_win.cc(73)] ReadMemory at 0x7ffb39b30000 of 64 bytes failed: Only part of a ReadProcessMemory or WriteProcessMemory request was completed. (0x12B)
[1026/171543.997:WARNING:pe_image_reader.cc(340)] could not read dos header from C:\WINDOWS\SYSTEM32\WINSPOOL.DRV
[1026/171543.997:ERROR:process_memory_win.cc(73)] ReadMemory at 0x7ffb64880000 of 64 bytes failed: Only part of a ReadProcessMemory or WriteProcessMemory request was completed. (0x12B)
[1026/171543.997:WARNING:pe_image_reader.cc(340)] could not read dos header from C:\WINDOWS\System32\kernel.appcore.dll
[1026/171543.997:ERROR:process_memory_win.cc(73)] ReadMemory at 0x7ffb65920000 of 64 bytes failed: Only part of a ReadProcessMemory or WriteProcessMemory request was completed. (0x12B)
[1026/171543.997:WARNING:pe_image_reader.cc(340)] could not read dos header from C:\WINDOWS\System32\bcrypt.dll
[1026/171543.997:ERROR:process_memory_win.cc(73)] ReadMemory at 0x7ffb4f7d0000 of 64 bytes failed: Only part of a ReadProcessMemory or WriteProcessMemory request was completed. (0x12B)
[1026/171543.997:WARNING:pe_image_reader.cc(340)] could not read dos header from C:\WINDOWS\SYSTEM32\dbghelp.dll
[1026/171543.997:ERROR:process_memory_win.cc(73)] ReadMemory at 0x7ffb4fc50000 of 64 bytes failed: Only part of a ReadProcessMemory or WriteProcessMemory request was completed. (0x12B)
[1026/171543.997:WARNING:pe_image_reader.cc(340)] could not read dos header from C:\WINDOWS\SYSTEM32\Secur32.dll
[1026/171543.997:ERROR:process_memory_win.cc(73)] ReadMemory at 0x7ffb5ffc0000 of 64 bytes failed: Only part of a ReadProcessMemory or WriteProcessMemory request was completed. (0x12B)
[1026/171543.997:WARNING:pe_image_reader.cc(340)] could not read dos header from C:\WINDOWS\SYSTEM32\WINHTTP.dll
[1026/171543.997:ERROR:process_memory_win.cc(73)] ReadMemory at 0x7ffb5ec50000 of 64 bytes failed: Only part of a ReadProcessMemory or WriteProcessMemory request was completed. (0x12B)
[1026/171543.997:WARNING:pe_image_reader.cc(340)] could not read dos header from C:\WINDOWS\SYSTEM32\dhcpcsvc.DLL
[1026/171543.997:ERROR:process_memory_win.cc(73)] ReadMemory at 0x7ffb687a0000 of 64 bytes failed: Only part of a ReadProcessMemory or WriteProcessMemory request was completed. (0x12B)
[1026/171543.997:WARNING:pe_image_reader.cc(340)] could not read dos header from C:\WINDOWS\System32\NSI.dll
[1026/171543.998:ERROR:process_memory_win.cc(73)] ReadMemory at 0x7ffb62940000 of 64 bytes failed: Only part of a ReadProcessMemory or WriteProcessMemory request was completed. (0x12B)
[1026/171543.998:WARNING:pe_image_reader.cc(340)] could not read dos header from C:\WINDOWS\SYSTEM32\WINMMBASE.dll
[1026/171543.998:ERROR:process_memory_win.cc(73)] ReadMemory at 0x7ffb658d0000 of 64 bytes failed: Only part of a ReadProcessMemory or WriteProcessMemory request was completed. (0x12B)
[1026/171543.998:WARNING:pe_image_reader.cc(340)] could not read dos header from C:\WINDOWS\System32\cfgmgr32.dll
[1026/171543.998:ERROR:process_memory_win.cc(73)] ReadMemory at 0x7ffb611d0000 of 64 bytes failed: Only part of a ReadProcessMemory or WriteProcessMemory request was completed. (0x12B)
[1026/171543.998:WARNING:pe_image_reader.cc(340)] could not read dos header from C:\WINDOWS\SYSTEM32\PROPSYS.dll
[1026/171543.998:ERROR:process_memory_win.cc(73)] ReadMemory at 0x7ffb67eb0000 of 64 bytes failed: Only part of a ReadProcessMemory or WriteProcessMemory request was completed. (0x12B)
[1026/171543.998:WARNING:pe_image_reader.cc(340)] could not read dos header from C:\WINDOWS\System32\shcore.dll
[1026/171543.998:ERROR:process_memory_win.cc(73)] ReadMemory at 0x7ffb64700000 of 64 bytes failed: Only part of a ReadProcessMemory or WriteProcessMemory request was completed. (0x12B)
[1026/171543.998:WARNING:pe_image_reader.cc(340)] could not read dos header from C:\WINDOWS\SYSTEM32\SSPICLI.DLL
[1026/171543.998:ERROR:process_memory_win.cc(73)] ReadMemory at 0x7ffb64210000 of 64 bytes failed: Only part of a ReadProcessMemory or WriteProcessMemory request was completed. (0x12B)
[1026/171543.998:WARNING:pe_image_reader.cc(340)] could not read dos header from C:\WINDOWS\SYSTEM32\CRYPTBASE.DLL
[1026/171544.004:ERROR:process_memory_win.cc(73)] ReadMemory at 0x74b4ff8000 of 32768 bytes failed: Only part of a ReadProcessMemory or WriteProcessMemory request was completed. (0x12B)
[1026/171544.004:ERROR:process_memory_win.cc(73)] ReadMemory at 0x74b57fd000 of 12288 bytes failed: Only part of a ReadProcessMemory or WriteProcessMemory request was completed. (0x12B)
[1026/171544.004:ERROR:process_memory_win.cc(73)] ReadMemory at 0x74b5ffd000 of 12288 bytes failed: Only part of a ReadProcessMemory or WriteProcessMemory request was completed. (0x12B)
[1026/171544.004:ERROR:process_memory_win.cc(73)] ReadMemory at 0x74b67fc000 of 16384 bytes failed: Only part of a ReadProcessMemory or WriteProcessMemory request was completed. (0x12B)
[1026/171544.004:ERROR:process_memory_win.cc(73)] ReadMemory at 0x74b6ffc000 of 16384 bytes failed: Only part of a ReadProcessMemory or WriteProcessMemory request was completed. (0x12B)
[1026/171544.005:ERROR:process_memory_win.cc(73)] ReadMemory at 0x74b77fe000 of 8192 bytes failed: Only part of a ReadProcessMemory or WriteProcessMemory request was completed. (0x12B)
[1026/171544.005:ERROR:process_memory_win.cc(73)] ReadMemory at 0x74b7ffd000 of 12288 bytes failed: Only part of a ReadProcessMemory or WriteProcessMemory request was completed. (0x12B)
[1026/171544.005:ERROR:process_memory_win.cc(73)] ReadMemory at 0x74b87fd000 of 12288 bytes failed: Only part of a ReadProcessMemory or WriteProcessMemory request was completed. (0x12B)
[1026/171544.005:ERROR:process_memory_win.cc(73)] ReadMemory at 0x74b8ffd000 of 12288 bytes failed: Only part of a ReadProcessMemory or WriteProcessMemory request was completed. (0x12B)
[1026/171544.005:ERROR:process_memory_win.cc(73)] ReadMemory at 0x74b97fd000 of 12288 bytes failed: Only part of a ReadProcessMemory or WriteProcessMemory request was completed. (0x12B)
[1026/171544.005:ERROR:process_memory_win.cc(73)] ReadMemory at 0x74b9ffd000 of 12288 bytes failed: Only part of a ReadProcessMemory or WriteProcessMemory request was completed. (0x12B)
[1026/171544.005:ERROR:process_memory_win.cc(73)] ReadMemory at 0x74ba7fd000 of 12288 bytes failed: Only part of a ReadProcessMemory or WriteProcessMemory request was completed. (0x12B)
[1026/171544.005:ERROR:process_memory_win.cc(73)] ReadMemory at 0x74baffd000 of 12288 bytes failed: Only part of a ReadProcessMemory or WriteProcessMemory request was completed. (0x12B)
[1026/171544.005:ERROR:process_memory_win.cc(73)] ReadMemory at 0x74bb7fd000 of 12288 bytes failed: Only part of a ReadProcessMemory or WriteProcessMemory request was completed. (0x12B)
[1026/171544.005:ERROR:process_memory_win.cc(73)] ReadMemory at 0x74bbffd000 of 12288 bytes failed: Only part of a ReadProcessMemory or WriteProcessMemory request was completed. (0x12B)
[1026/171544.005:ERROR:process_memory_win.cc(73)] ReadMemory at 0x74b4600000 of 6024 bytes failed: Only part of a ReadProcessMemory or WriteProcessMemory request was completed. (0x12B)
[1026/171544.005:ERROR:process_memory_win.cc(73)] ReadMemory at 0x74b4602000 of 6024 bytes failed: Only part of a ReadProcessMemory or WriteProcessMemory request was completed. (0x12B)
[1026/171544.005:ERROR:process_memory_win.cc(73)] ReadMemory at 0x74b4604000 of 6024 bytes failed: Only part of a ReadProcessMemory or WriteProcessMemory request was completed. (0x12B)
[1026/171544.006:ERROR:process_memory_win.cc(73)] ReadMemory at 0x74b4606000 of 6024 bytes failed: Only part of a ReadProcessMemory or WriteProcessMemory request was completed. (0x12B)
[1026/171544.006:ERROR:process_memory_win.cc(73)] ReadMemory at 0x74b4608000 of 6024 bytes failed: Only part of a ReadProcessMemory or WriteProcessMemory request was completed. (0x12B)
[1026/171544.006:ERROR:process_memory_win.cc(73)] ReadMemory at 0x74b460a000 of 6024 bytes failed: Only part of a ReadProcessMemory or WriteProcessMemory request was completed. (0x12B)
[1026/171544.006:ERROR:process_memory_win.cc(73)] ReadMemory at 0x74b460c000 of 6024 bytes failed: Only part of a ReadProcessMemory or WriteProcessMemory request was completed. (0x12B)
[1026/171544.006:ERROR:process_memory_win.cc(73)] ReadMemory at 0x74b47ee000 of 852 bytes failed: Only part of a ReadProcessMemory or WriteProcessMemory request was completed. (0x12B)
[1026/171544.006:ERROR:process_memory_win.cc(73)] ReadMemory at 0x74b47ef000 of 6024 bytes failed: Only part of a ReadProcessMemory or WriteProcessMemory request was completed. (0x12B)
[1026/171544.006:ERROR:process_memory_win.cc(73)] ReadMemory at 0x74b47f1000 of 6024 bytes failed: Only part of a ReadProcessMemory or WriteProcessMemory request was completed. (0x12B)
[1026/171544.006:ERROR:process_memory_win.cc(73)] ReadMemory at 0x74b47f3000 of 6024 bytes failed: Only part of a ReadProcessMemory or WriteProcessMemory request was completed. (0x12B)
[1026/171544.006:ERROR:process_memory_win.cc(73)] ReadMemory at 0x74b47f5000 of 6024 bytes failed: Only part of a ReadProcessMemory or WriteProcessMemory request was completed. (0x12B)
[1026/171544.006:ERROR:process_memory_win.cc(73)] ReadMemory at 0x74b47f7000 of 6024 bytes failed: Only part of a ReadProcessMemory or WriteProcessMemory request was completed. (0x12B)
[1026/171544.006:ERROR:process_memory_win.cc(73)] ReadMemory at 0x74b47f9000 of 6024 bytes failed: Only part of a ReadProcessMemory or WriteProcessMemory request was completed. (0x12B)
[1026/171544.006:ERROR:process_memory_win.cc(73)] ReadMemory at 0x74b47fb000 of 6024 bytes failed: Only part of a ReadProcessMemory or WriteProcessMemory request was completed. (0x12B)
[1026/171544.006:ERROR:process_memory_win.cc(73)] ReadMemory at 0x74b47fd000 of 6024 bytes failed: Only part of a ReadProcessMemory or WriteProcessMemory request was completed. (0x12B)
[1026/171544.006:ERROR:process_memory_win.cc(73)] ReadMemory at 0x26add990fe0 of 25888 bytes failed: Only part of a ReadProcessMemory or WriteProcessMemory request was completed. (0x12B)
[1026/171544.007:ERROR:process_memory_win.cc(73)] ReadMemory at 0x26add997510 of 1012 bytes failed: Only part of a ReadProcessMemory or WriteProcessMemory request was completed. (0x12B)
[1026/171544.007:ERROR:process_memory_win.cc(73)] ReadMemory at 0x26add997b38 of 118 bytes failed: Only part of a ReadProcessMemory or WriteProcessMemory request was completed. (0x12B)
[1026/171544.007:ERROR:process_memory_win.cc(73)] ReadMemory at 0x26add997bb0 of 858 bytes failed: Only part of a ReadProcessMemory or WriteProcessMemory request was completed. (0x12B)
[1026/171544.007:ERROR:process_memory_win.cc(73)] ReadMemory at 0x26add997f0c of 118 bytes failed: Only part of a ReadProcessMemory or WriteProcessMemory request was completed. (0x12B)
[1026/171544.007:ERROR:process_memory_win.cc(73)] ReadMemory at 0x26add997f84 of 94 bytes failed: Only part of a ReadProcessMemory or WriteProcessMemory request was completed. (0x12B)
[1026/171544.007:ERROR:process_memory_win.cc(73)] ReadMemory at 0x26add997ff0 of 58 bytes failed: Only part of a ReadProcessMemory or WriteProcessMemory request was completed. (0x12B)
[1026/171544.007:ERROR:process_memory_win.cc(73)] ReadMemory at 0x26add9980f0 of 132 bytes failed: Only part of a ReadProcessMemory or WriteProcessMemory request was completed. (0x12B)
[1026/171544.007:ERROR:process_memory_win.cc(73)] ReadMemory at 0x26add998280 of 132 bytes failed: Only part of a ReadProcessMemory or WriteProcessMemory request was completed. (0x12B)
[1026/171544.007:ERROR:process_memory_win.cc(73)] ReadMemory at 0x26add998440 of 124 bytes failed: Only part of a ReadProcessMemory or WriteProcessMemory request was completed. (0x12B)
[1026/171544.007:ERROR:process_memory_win.cc(73)] ReadMemory at 0x26add998820 of 132 bytes failed: Only part of a ReadProcessMemory or WriteProcessMemory request was completed. (0x12B)
[1026/171544.007:ERROR:process_memory_win.cc(73)] ReadMemory at 0x26add9989b0 of 64 bytes failed: Only part of a ReadProcessMemory or WriteProcessMemory request was completed. (0x12B)
[1026/171544.007:ERROR:process_memory_win.cc(73)] ReadMemory at 0x26add998a00 of 132 bytes failed: Only part of a ReadProcessMemory or WriteProcessMemory request was completed. (0x12B)
[1026/171544.007:ERROR:process_memory_win.cc(73)] ReadMemory at 0x26add998b70 of 132 bytes failed: Only part of a ReadProcessMemory or WriteProcessMemory request was completed. (0x12B)
[1026/171544.007:ERROR:process_memory_win.cc(73)] ReadMemory at 0x26add998e10 of 132 bytes failed: Only part of a ReadProcessMemory or WriteProcessMemory request was completed. (0x12B)
[1026/171544.007:ERROR:process_memory_win.cc(73)] ReadMemory at 0x26add998fa0 of 68 bytes failed: Only part of a ReadProcessMemory or WriteProcessMemory request was completed. (0x12B)
[1026/171544.007:ERROR:process_memory_win.cc(73)] ReadMemory at 0x26add999f90 of 132 bytes failed: Only part of a ReadProcessMemory or WriteProcessMemory request was completed. (0x12B)
[1026/171544.008:ERROR:process_memory_win.cc(73)] ReadMemory at 0x26add99a120 of 152 bytes failed: Only part of a ReadProcessMemory or WriteProcessMemory request was completed. (0x12B)
[1026/171544.008:ERROR:process_memory_win.cc(73)] ReadMemory at 0x26add99ac50 of 132 bytes failed: Only part of a ReadProcessMemory or WriteProcessMemory request was completed. (0x12B)
[1026/171544.008:ERROR:process_memory_win.cc(73)] ReadMemory at 0x26add99ad80 of 156 bytes failed: Only part of a ReadProcessMemory or WriteProcessMemory request was completed. (0x12B)
[1026/171544.008:ERROR:process_memory_win.cc(73)] ReadMemory at 0x26add99cba0 of 62 bytes failed: Only part of a ReadProcessMemory or WriteProcessMemory request was completed. (0x12B)
[1026/171544.008:ERROR:process_memory_win.cc(73)] ReadMemory at 0x26add99cd00 of 132 bytes failed: Only part of a ReadProcessMemory or WriteProcessMemory request was completed. (0x12B)
[1026/171544.008:ERROR:process_memory_win.cc(73)] ReadMemory at 0x26add99ce90 of 60 bytes failed: Only part of a ReadProcessMemory or WriteProcessMemory request was completed. (0x12B)
[1026/171544.008:ERROR:process_memory_win.cc(73)] ReadMemory at 0x26add99cf4a of 512 bytes failed: Only part of a ReadProcessMemory or WriteProcessMemory request was completed. (0x12B)
[1026/171544.008:ERROR:process_memory_win.cc(73)] ReadMemory at 0x26add9a0280 of 132 bytes failed: Only part of a ReadProcessMemory or WriteProcessMemory request was completed. (0x12B)
[1026/171544.008:ERROR:process_memory_win.cc(73)] ReadMemory at 0x26add9a0410 of 80 bytes failed: Only part of a ReadProcessMemory or WriteProcessMemory request was completed. (0x12B)
[1026/171544.008:ERROR:process_memory_win.cc(73)] ReadMemory at 0x26add9a05b0 of 64 bytes failed: Only part of a ReadProcessMemory or WriteProcessMemory request was completed. (0x12B)
[1026/171544.008:ERROR:process_memory_win.cc(73)] ReadMemory at 0x26add9a06a0 of 64 bytes failed: Only part of a ReadProcessMemory or WriteProcessMemory request was completed. (0x12B)
[1026/171544.008:ERROR:process_memory_win.cc(73)] ReadMemory at 0x26add9a07e0 of 64 bytes failed: Only part of a ReadProcessMemory or WriteProcessMemory request was completed. (0x12B)
[1026/171544.008:ERROR:process_memory_win.cc(73)] ReadMemory at 0x26add9a0830 of 62 bytes failed: Only part of a ReadProcessMemory or WriteProcessMemory request was completed. (0x12B)
[1026/171544.008:ERROR:process_memory_win.cc(73)] ReadMemory at 0x26add9a0920 of 62 bytes failed: Only part of a ReadProcessMemory or WriteProcessMemory request was completed. (0x12B)
[1026/171544.009:ERROR:process_memory_win.cc(73)] ReadMemory at 0x26add9a0b00 of 64 bytes failed: Only part of a ReadProcessMemory or WriteProcessMemory request was completed. (0x12B)
[1026/171544.009:ERROR:process_memory_win.cc(73)] ReadMemory at 0x26add9a0ba0 of 60 bytes failed: Only part of a ReadProcessMemory or WriteProcessMemory request was completed. (0x12B)
[1026/171544.009:ERROR:process_memory_win.cc(73)] ReadMemory at 0x26add9a0bf0 of 66 bytes failed: Only part of a ReadProcessMemory or WriteProcessMemory request was completed. (0x12B)
[1026/171544.009:ERROR:process_memory_win.cc(73)] ReadMemory at 0x26add9a0c40 of 60 bytes failed: Only part of a ReadProcessMemory or WriteProcessMemory request was completed. (0x12B)
[1026/171544.009:ERROR:process_memory_win.cc(73)] ReadMemory at 0x26add9a1a80 of 54 bytes failed: Only part of a ReadProcessMemory or WriteProcessMemory request was completed. (0x12B)
[1026/171544.009:ERROR:process_memory_win.cc(73)] ReadMemory at 0x26add9a4800 of 132 bytes failed: Only part of a ReadProcessMemory or WriteProcessMemory request was completed. (0x12B)
[1026/171544.009:ERROR:process_memory_win.cc(73)] ReadMemory at 0x26add9a4930 of 132 bytes failed: Only part of a ReadProcessMemory or WriteProcessMemory request was completed. (0x12B)
[1026/171544.009:ERROR:process_memory_win.cc(73)] ReadMemory at 0x26add9a4a60 of 132 bytes failed: Only part of a ReadProcessMemory or WriteProcessMemory request was completed. (0x12B)
[1026/171544.009:ERROR:process_memory_win.cc(73)] ReadMemory at 0x26add9a4b90 of 132 bytes failed: Only part of a ReadProcessMemory or WriteProcessMemory request was completed. (0x12B)
[1026/171544.009:ERROR:process_memory_win.cc(73)] ReadMemory at 0x26add9a4df0 of 132 bytes failed: Only part of a ReadProcessMemory or WriteProcessMemory request was completed. (0x12B)
[1026/171544.009:ERROR:process_memory_win.cc(73)] ReadMemory at 0x26add9a4f20 of 132 bytes failed: Only part of a ReadProcessMemory or WriteProcessMemory request was completed. (0x12B)
[1026/171544.009:ERROR:process_memory_win.cc(73)] ReadMemory at 0x26add9a5050 of 132 bytes failed: Only part of a ReadProcessMemory or WriteProcessMemory request was completed. (0x12B)
[1026/171544.009:ERROR:process_memory_win.cc(73)] ReadMemory at 0x26add9a5180 of 132 bytes failed: Only part of a ReadProcessMemory or WriteProcessMemory request was completed. (0x12B)
[1026/171544.009:ERROR:process_memory_win.cc(73)] ReadMemory at 0x26add9a52b0 of 132 bytes failed: Only part of a ReadProcessMemory or WriteProcessMemory request was completed. (0x12B)
[1026/171544.009:ERROR:process_memory_win.cc(73)] ReadMemory at 0x26add9a53e0 of 132 bytes failed: Only part of a ReadProcessMemory or WriteProcessMemory request was completed. (0x12B)
[1026/171544.009:ERROR:process_memory_win.cc(73)] ReadMemory at 0x26add9a5510 of 132 bytes failed: Only part of a ReadProcessMemory or WriteProcessMemory request was completed. (0x12B)
[1026/171544.009:ERROR:process_memory_win.cc(73)] ReadMemory at 0x26add9a5640 of 132 bytes failed: Only part of a ReadProcessMemory or WriteProcessMemory request was completed. (0x12B)
[1026/171544.010:ERROR:process_memory_win.cc(73)] ReadMemory at 0x26add9a5ed0 of 76 bytes failed: Only part of a ReadProcessMemory or WriteProcessMemory request was completed. (0x12B)
[1026/171544.010:ERROR:process_memory_win.cc(73)] ReadMemory at 0x26add9a6750 of 512 bytes failed: Only part of a ReadProcessMemory or WriteProcessMemory request was completed. (0x12B)
[1026/171544.010:ERROR:process_memory_win.cc(73)] ReadMemory at 0x26add9a74d0 of 132 bytes failed: Only part of a ReadProcessMemory or WriteProcessMemory request was completed. (0x12B)
[1026/171544.010:ERROR:process_memory_win.cc(73)] ReadMemory at 0x26add9a9110 of 132 bytes failed: Only part of a ReadProcessMemory or WriteProcessMemory request was completed. (0x12B)
[1026/171544.010:ERROR:process_memory_win.cc(73)] ReadMemory at 0x26add9a9380 of 132 bytes failed: Only part of a ReadProcessMemory or WriteProcessMemory request was completed. (0x12B)
[1026/171544.010:ERROR:process_memory_win.cc(73)] ReadMemory at 0x26add9ab120 of 62 bytes failed: Only part of a ReadProcessMemory or WriteProcessMemory request was completed. (0x12B)
[1026/171544.010:ERROR:process_memory_win.cc(73)] ReadMemory at 0x26add9ab210 of 64 bytes failed: Only part of a ReadProcessMemory or WriteProcessMemory request was completed. (0x12B)
[1026/171544.010:ERROR:process_memory_win.cc(73)] ReadMemory at 0x26add9ab3a0 of 64 bytes failed: Only part of a ReadProcessMemory or WriteProcessMemory request was completed. (0x12B)
[1026/171544.010:ERROR:process_memory_win.cc(73)] ReadMemory at 0x26add9ab440 of 62 bytes failed: Only part of a ReadProcessMemory or WriteProcessMemory request was completed. (0x12B)
[1026/171544.010:ERROR:process_memory_win.cc(73)] ReadMemory at 0x26add9ab490 of 66 bytes failed: Only part of a ReadProcessMemory or WriteProcessMemory request was completed. (0x12B)
[1026/171544.010:ERROR:process_memory_win.cc(73)] ReadMemory at 0x26add9ab6c0 of 58 bytes failed: Only part of a ReadProcessMemory or WriteProcessMemory request was completed. (0x12B)
[1026/171544.010:ERROR:process_memory_win.cc(73)] ReadMemory at 0x26add9ab710 of 62 bytes failed: Only part of a ReadProcessMemory or WriteProcessMemory request was completed. (0x12B)
[1026/171544.010:ERROR:process_memory_win.cc(73)] ReadMemory at 0x26add9ab760 of 60 bytes failed: Only part of a ReadProcessMemory or WriteProcessMemory request was completed. (0x12B)
[1026/171544.010:ERROR:process_memory_win.cc(73)] ReadMemory at 0x26add9ab7b0 of 62 bytes failed: Only part of a ReadProcessMemory or WriteProcessMemory request was completed. (0x12B)
[1026/171544.010:ERROR:process_memory_win.cc(73)] ReadMemory at 0x26add9ab800 of 62 bytes failed: Only part of a ReadProcessMemory or WriteProcessMemory request was completed. (0x12B)
[1026/171544.010:ERROR:process_memory_win.cc(73)] ReadMemory at 0x26add9ab850 of 64 bytes failed: Only part of a ReadProcessMemory or WriteProcessMemory request was completed. (0x12B)
[1026/171544.010:ERROR:process_memory_win.cc(73)] ReadMemory at 0x26add9abb20 of 62 bytes failed: Only part of a ReadProcessMemory or WriteProcessMemory request was completed. (0x12B)
[1026/171544.010:ERROR:process_memory_win.cc(73)] ReadMemory at 0x26add9abbc0 of 62 bytes failed: Only part of a ReadProcessMemory or WriteProcessMemory request was completed. (0x12B)
[1026/171544.010:ERROR:process_memory_win.cc(73)] ReadMemory at 0x26add9abd00 of 60 bytes failed: Only part of a ReadProcessMemory or WriteProcessMemory request was completed. (0x12B)
[1026/171544.010:ERROR:process_memory_win.cc(73)] ReadMemory at 0x26add9abdf0 of 60 bytes failed: Only part of a ReadProcessMemory or WriteProcessMemory request was completed. (0x12B)
[1026/171544.010:ERROR:process_memory_win.cc(73)] ReadMemory at 0x26add9abe40 of 60 bytes failed: Only part of a ReadProcessMemory or WriteProcessMemory request was completed. (0x12B)
[1026/171544.010:ERROR:process_memory_win.cc(73)] ReadMemory at 0x26add9abee0 of 62 bytes failed: Only part of a ReadProcessMemory or WriteProcessMemory request was completed. (0x12B)
[1026/171544.010:ERROR:process_memory_win.cc(73)] ReadMemory at 0x26add9abf30 of 64 bytes failed: Only part of a ReadProcessMemory or WriteProcessMemory request was completed. (0x12B)
[1026/171544.010:ERROR:process_memory_win.cc(73)] ReadMemory at 0x26add9adcf0 of 132 bytes failed: Only part of a ReadProcessMemory or WriteProcessMemory request was completed. (0x12B)
[1026/171544.010:ERROR:process_memory_win.cc(73)] ReadMemory at 0x26add9adfd0 of 132 bytes failed: Only part of a ReadProcessMemory or WriteProcessMemory request was completed. (0x12B)
[1026/171544.010:ERROR:process_memory_win.cc(73)] ReadMemory at 0x26add9ae380 of 132 bytes failed: Only part of a ReadProcessMemory or WriteProcessMemory request was completed. (0x12B)
[1026/171544.010:ERROR:process_memory_win.cc(73)] ReadMemory at 0x26add9aee80 of 132 bytes failed: Only part of a ReadProcessMemory or WriteProcessMemory request was completed. (0x12B)
[1026/171544.011:ERROR:process_memory_win.cc(73)] ReadMemory at 0x26add9af390 of 132 bytes failed: Only part of a ReadProcessMemory or WriteProcessMemory request was completed. (0x12B)
[1026/171544.011:ERROR:process_memory_win.cc(73)] ReadMemory at 0x26add9af720 of 132 bytes failed: Only part of a ReadProcessMemory or WriteProcessMemory request was completed. (0x12B)
[1026/171544.011:ERROR:process_memory_win.cc(73)] ReadMemory at 0x26add9afbe0 of 132 bytes failed: Only part of a ReadProcessMemory or WriteProcessMemory request was completed. (0x12B)
[1026/171544.011:ERROR:process_memory_win.cc(73)] ReadMemory at 0x26add9afd10 of 132 bytes failed: Only part of a ReadProcessMemory or WriteProcessMemory request was completed. (0x12B)
[1026/171544.011:ERROR:process_memory_win.cc(73)] ReadMemory at 0x26add9aff70 of 132 bytes failed: Only part of a ReadProcessMemory or WriteProcessMemory request was completed. (0x12B)
[1026/171544.011:ERROR:process_memory_win.cc(73)] ReadMemory at 0x26add9b00a0 of 132 bytes failed: Only part of a ReadProcessMemory or WriteProcessMemory request was completed. (0x12B)
[1026/171544.011:ERROR:process_memory_win.cc(73)] ReadMemory at 0x26add9b0300 of 132 bytes failed: Only part of a ReadProcessMemory or WriteProcessMemory request was completed. (0x12B)
[1026/171544.011:ERROR:process_memory_win.cc(73)] ReadMemory at 0x26add9b07c0 of 132 bytes failed: Only part of a ReadProcessMemory or WriteProcessMemory request was completed. (0x12B)
[1026/171544.011:ERROR:process_memory_win.cc(73)] ReadMemory at 0x26add9b08f0 of 132 bytes failed: Only part of a ReadProcessMemory or WriteProcessMemory request was completed. (0x12B)
[1026/171544.011:ERROR:process_memory_win.cc(73)] ReadMemory at 0x26add9c7e90 of 512 bytes failed: Only part of a ReadProcessMemory or WriteProcessMemory request was completed. (0x12B)
[1026/171544.011:ERROR:process_memory_win.cc(73)] ReadMemory at 0x26addd92a30 of 512 bytes failed: Only part of a ReadProcessMemory or WriteProcessMemory request was completed. (0x12B)
[1026/171544.011:ERROR:process_memory_win.cc(73)] ReadMemory at 0x26addd95f00 of 512 bytes failed: Only part of a ReadProcessMemory or WriteProcessMemory request was completed. (0x12B)
[1026/171544.011:ERROR:process_memory_win.cc(73)] ReadMemory at 0x26addd969b0 of 512 bytes failed: Only part of a ReadProcessMemory or WriteProcessMemory request was completed. (0x12B)
[1026/171544.011:ERROR:process_memory_win.cc(73)] ReadMemory at 0x26addd96bf0 of 512 bytes failed: Only part of a ReadProcessMemory or WriteProcessMemory request was completed. (0x12B)
[1026/171544.011:ERROR:process_memory_win.cc(73)] ReadMemory at 0x26addd99f10 of 512 bytes failed: Only part of a ReadProcessMemory or WriteProcessMemory request was completed. (0x12B)
[1026/171544.011:ERROR:process_memory_win.cc(73)] ReadMemory at 0x26adddbc790 of 712 bytes failed: Only part of a ReadProcessMemory or WriteProcessMemory request was completed. (0x12B)
[1026/171544.011:ERROR:process_memory_win.cc(73)] ReadMemory at 0x26adddd6c18 of 1376 bytes failed: Only part of a ReadProcessMemory or WriteProcessMemory request was completed. (0x12B)
[1026/171544.011:ERROR:process_memory_win.cc(73)] ReadMemory at 0x26addddcdb0 of 512 bytes failed: Only part of a ReadProcessMemory or WriteProcessMemory request was completed. (0x12B)
[1026/171544.011:ERROR:process_memory_win.cc(73)] ReadMemory at 0x26adfc65f50 of 512 bytes failed: Only part of a ReadProcessMemory or WriteProcessMemory request was completed. (0x12B)
[1026/171544.011:ERROR:process_memory_win.cc(73)] ReadMemory at 0x26adfc8d110 of 592 bytes failed: Only part of a ReadProcessMemory or WriteProcessMemory request was completed. (0x12B)
[1026/171544.011:ERROR:process_memory_win.cc(73)] ReadMemory at 0x26adfca47c0 of 512 bytes failed: Only part of a ReadProcessMemory or WriteProcessMemory request was completed. (0x12B)
[1026/171544.011:ERROR:process_memory_win.cc(73)] ReadMemory at 0x26adfd58350 of 512 bytes failed: Only part of a ReadProcessMemory or WriteProcessMemory request was completed. (0x12B)
[1026/171544.011:ERROR:process_memory_win.cc(73)] ReadMemory at 0x26adfdc92d0 of 512 bytes failed: Only part of a ReadProcessMemory or WriteProcessMemory request was completed. (0x12B)
[1026/171544.011:ERROR:process_memory_win.cc(73)] ReadMemory at 0x26ae018ff80 of 512 bytes failed: Only part of a ReadProcessMemory or WriteProcessMemory request was completed. (0x12B)
[1026/171544.012:ERROR:process_memory_win.cc(73)] ReadMemory at 0x26ae01d1978 of 512 bytes failed: Only part of a ReadProcessMemory or WriteProcessMemory request was completed. (0x12B)
[1026/171544.012:ERROR:process_memory_win.cc(73)] ReadMemory at 0x26ae01d2460 of 512 bytes failed: Only part of a ReadProcessMemory or WriteProcessMemory request was completed. (0x12B)
[1026/171544.012:ERROR:process_memory_win.cc(73)] ReadMemory at 0x7ffaee8cc16c of 512 bytes failed: Only part of a ReadProcessMemory or WriteProcessMemory request was completed. (0x12B)
[1026/171544.012:ERROR:process_memory_win.cc(73)] ReadMemory at 0x7ffaef034d24 of 553 bytes failed: Only part of a ReadProcessMemory or WriteProcessMemory request was completed. (0x12B)
[1026/171544.012:ERROR:process_memory_win.cc(73)] ReadMemory at 0x7ffb6885ff00 of 512 bytes failed: Only part of a ReadProcessMemory or WriteProcessMemory request was completed. (0x12B)
[1026/171544.012:ERROR:process_memory_win.cc(73)] ReadMemory at 0x7ffb688af764 of 672 bytes failed: Only part of a ReadProcessMemory or WriteProcessMemory request was completed. (0x12B)
[1026/171544.012:ERROR:process_memory_win.cc(73)] ReadMemory at 0x7ffb688afd64 of 512 bytes failed: Only part of a ReadProcessMemory or WriteProcessMemory request was completed. (0x12B)
[1026/171544.012:ERROR:process_memory_win.cc(73)] ReadMemory at 0x7ffb688b2ff4 of 608 bytes failed: Only part of a ReadProcessMemory or WriteProcessMemory request was completed. (0x12B)
[1026/171544.012:ERROR:process_memory_win.cc(73)] ReadMemory at 0x7ffb6893c0c8 of 18 bytes failed: Only part of a ReadProcessMemory or WriteProcessMemory request was completed. (0x12B)
[1026/171544.012:ERROR:process_memory_win.cc(73)] ReadMemory at 0x7ffb6896f4f8 of 40 bytes failed: Only part of a ReadProcessMemory or WriteProcessMemory request was completed. (0x12B)
[1026/171544.012:ERROR:process_memory_win.cc(73)] ReadMemory at 0x7ffb6896f978 of 48 bytes failed: Only part of a ReadProcessMemory or WriteProcessMemory request was completed. (0x12B)
[1026/171544.012:ERROR:process_memory_win.cc(73)] ReadMemory at 0x7ffb689753a0 of 64 bytes failed: Only part of a ReadProcessMemory or WriteProcessMemory request was completed. (0x12B)
[1026/171544.015:ERROR:scoped_process_suspend.cc(40)] NtResumeProcess: An attempt was made to access an exiting process. (0xc000010a)
